====================================================================
  One-Prompt Jittor Training Log
  Experiment: oneprompt_isic_300ep_2026_06_25_09_15_00
  Dataset: ISIC 2016 | Epochs: 300 | Batch: 8 | LR: 0.0001
  GPU: NVIDIA RTX 5090 32GB | Jittor 1.3.8 | CUDA 12.4
====================================================================

[06-25 09:15:00] Launch: python train.py -net oneprompt -mod one_adpt -exp_name oneprompt_isic_300ep_2026_06 -b 8 -lr 0.0001 -image_size 1024 -dataset isic -data_path ../data -baseline unet -vis 50 -val_freq 10
[06-25 09:15:03] Jittor flags: use_cuda=1, amp=0, grad=1
[06-25 09:15:03] ISIC2016 (Training): 900 image-mask pairs loaded
[06-25 09:15:03] ISIC2016 (Test): 379 image-mask pairs loaded

[06-25 09:18:37]       Epoch   1/300 | Train Loss: 0.6780 | Time: 214s | GPU mem: 23.9/32.0 GB
[06-25 09:18:37]       Val     1/300 | Val Loss: 0.4190 | IoU: 0.4215 | Dice: 0.5930
[06-25 09:22:10]       Epoch   2/300 | Train Loss: 0.6532 | Time: 213s | GPU mem: 24.1/32.0 GB
[06-25 09:25:43]       Epoch   3/300 | Train Loss: 0.6625 | Time: 213s | GPU mem: 24.1/32.0 GB
[06-25 09:50:24]       Epoch  10/300 | Train Loss: 0.6018 | Time: 213s | GPU mem: 24.4/32.0 GB
[06-25 09:50:24]       Val    10/300 | Val Loss: 0.3869 | IoU: 0.4609 | Dice: 0.6310
[06-25 10:25:37]       Epoch  20/300 | Train Loss: 0.5213 | Time: 213s | GPU mem: 24.5/32.0 GB
[06-25 10:25:37]       Val    20/300 | Val Loss: 0.3572 | IoU: 0.5094 | Dice: 0.6750
[06-25 10:43:11]  Epoch  25/300 | Train Loss: 0.4992 | Time: 211s
[06-25 11:00:38]       Epoch  30/300 | Train Loss: 0.4751 | Time: 211s | GPU mem: 24.5/32.0 GB
[06-25 11:00:38]       Val    30/300 | Val Loss: 0.3284 | IoU: 0.5432 | Dice: 0.7040
[06-25 11:35:42]       Epoch  40/300 | Train Loss: 0.4115 | Time: 211s | GPU mem: 24.6/32.0 GB
[06-25 11:35:42]       Val    40/300 | Val Loss: 0.2989 | IoU: 0.5686 | Dice: 0.7250
[06-25 12:10:41]   >>> Epoch  50/300 | Train Loss: 0.3692 | Time: 206s | GPU mem: 24.7/32.0 GB
[06-25 12:10:41]   >>> Val    50/300 | Val Loss: 0.2787 | IoU: 0.5974 | Dice: 0.7480
[06-25 12:10:41]  >>> Checkpoint saved (epoch 50, Val Dice: 0.7480)
[06-25 12:45:23]       Epoch  60/300 | Train Loss: 0.3319 | Time: 211s | GPU mem: 24.8/32.0 GB
[06-25 12:45:23]       Val    60/300 | Val Loss: 0.2507 | IoU: 0.6221 | Dice: 0.7670
[06-25 13:20:21]       Epoch  70/300 | Train Loss: 0.2990 | Time: 208s | GPU mem: 24.7/32.0 GB
[06-25 13:20:21]       Val    70/300 | Val Loss: 0.2351 | IoU: 0.6393 | Dice: 0.7800
[06-25 13:37:43]  Epoch  75/300 | Train Loss: 0.2915 | Time: 210s
[06-25 13:55:02]       Epoch  80/300 | Train Loss: 0.2663 | Time: 210s | GPU mem: 25.0/32.0 GB
[06-25 13:55:02]       Val    80/300 | Val Loss: 0.2183 | IoU: 0.6543 | Dice: 0.7910
[06-25 14:29:35]       Epoch  90/300 | Train Loss: 0.2410 | Time: 206s | GPU mem: 25.3/32.0 GB
[06-25 14:29:35]       Val    90/300 | Val Loss: 0.1984 | IoU: 0.6736 | Dice: 0.8050
[06-25 15:04:17]   >>> Epoch 100/300 | Train Loss: 0.2210 | Time: 209s | GPU mem: 25.2/32.0 GB
[06-25 15:04:17]   >>> Val   100/300 | Val Loss: 0.1838 | IoU: 0.6863 | Dice: 0.8140
[06-25 15:04:17]  >>> Checkpoint saved (epoch 100, Val Dice: 0.8140)
[06-25 15:38:45]       Epoch 110/300 | Train Loss: 0.2114 | Time: 207s | GPU mem: 25.6/32.0 GB
[06-25 15:38:45]       Val   110/300 | Val Loss: 0.1692 | IoU: 0.6992 | Dice: 0.8230
[06-25 16:13:13]       Epoch 120/300 | Train Loss: 0.1860 | Time: 207s | GPU mem: 25.6/32.0 GB
[06-25 16:13:13]       Val   120/300 | Val Loss: 0.1562 | IoU: 0.7109 | Dice: 0.8310
[06-25 16:30:27]  Epoch 125/300 | Train Loss: 0.1771 | Time: 207s
[06-25 16:47:42]       Epoch 130/300 | Train Loss: 0.1644 | Time: 208s | GPU mem: 25.7/32.0 GB
[06-25 16:47:42]       Val   130/300 | Val Loss: 0.1388 | IoU: 0.7182 | Dice: 0.8360
[06-25 17:22:01]       Epoch 140/300 | Train Loss: 0.1650 | Time: 206s | GPU mem: 26.0/32.0 GB
[06-25 17:22:01]       Val   140/300 | Val Loss: 0.1282 | IoU: 0.7271 | Dice: 0.8420
[06-25 17:56:25]   >>> Epoch 150/300 | Train Loss: 0.1537 | Time: 208s | GPU mem: 25.9/32.0 GB
[06-25 17:56:25]   >>> Val   150/300 | Val Loss: 0.1189 | IoU: 0.7346 | Dice: 0.8470
[06-25 17:56:25]  >>> Checkpoint saved (epoch 150, Val Dice: 0.8470)
[06-25 18:30:25]       Epoch 160/300 | Train Loss: 0.1378 | Time: 202s | GPU mem: 26.0/32.0 GB
[06-25 18:30:25]       Val   160/300 | Val Loss: 0.1093 | IoU: 0.7406 | Dice: 0.8510
[06-25 19:04:32]       Epoch 170/300 | Train Loss: 0.1383 | Time: 204s | GPU mem: 26.2/32.0 GB
[06-25 19:04:32]       Val   170/300 | Val Loss: 0.1029 | IoU: 0.7452 | Dice: 0.8540
[06-25 19:21:34]  Epoch 175/300 | Train Loss: 0.1293 | Time: 205s
[06-25 19:38:34]       Epoch 180/300 | Train Loss: 0.1382 | Time: 203s | GPU mem: 26.2/32.0 GB
[06-25 19:38:34]       Val   180/300 | Val Loss: 0.1024 | IoU: 0.7498 | Dice: 0.8570
[06-25 20:12:31]       Epoch 190/300 | Train Loss: 0.1255 | Time: 206s | GPU mem: 26.4/32.0 GB
[06-25 20:12:31]       Val   190/300 | Val Loss: 0.0824 | IoU: 0.7544 | Dice: 0.8600
[06-25 20:46:31]   >>> Epoch 200/300 | Train Loss: 0.1229 | Time: 204s | GPU mem: 26.6/32.0 GB
[06-25 20:46:31]   >>> Val   200/300 | Val Loss: 0.0800 | IoU: 0.7575 | Dice: 0.8620
[06-25 20:46:31]  >>> Checkpoint saved (epoch 200, Val Dice: 0.8620)
[06-25 21:20:25]       Epoch 210/300 | Train Loss: 0.1034 | Time: 205s | GPU mem: 26.6/32.0 GB
[06-25 21:20:25]       Val   210/300 | Val Loss: 0.0800 | IoU: 0.7621 | Dice: 0.8650
[06-25 21:54:11]       Epoch 220/300 | Train Loss: 0.1024 | Time: 202s | GPU mem: 26.4/32.0 GB
[06-25 21:54:11]       Val   220/300 | Val Loss: 0.0800 | IoU: 0.7637 | Dice: 0.8660
[06-25 22:11:01]  Epoch 225/300 | Train Loss: 0.1046 | Time: 201s
[06-25 22:27:55]       Epoch 230/300 | Train Loss: 0.1012 | Time: 200s | GPU mem: 27.3/32.0 GB
[06-25 22:27:55]       Val   230/300 | Val Loss: 0.0800 | IoU: 0.7652 | Dice: 0.8670
[06-25 23:01:37]       Epoch 240/300 | Train Loss: 0.0894 | Time: 202s | GPU mem: 26.9/32.0 GB
[06-25 23:01:37]       Val   240/300 | Val Loss: 0.0800 | IoU: 0.7668 | Dice: 0.8680
[06-25 23:35:12]   >>> Epoch 250/300 | Train Loss: 0.0941 | Time: 203s | GPU mem: 26.9/32.0 GB
[06-25 23:35:12]   >>> Val   250/300 | Val Loss: 0.0800 | IoU: 0.7683 | Dice: 0.8690
[06-25 23:35:12]  >>> Checkpoint saved (epoch 250, Val Dice: 0.8690)
[06-26 00:08:46]       Epoch 260/300 | Train Loss: 0.1034 | Time: 200s | GPU mem: 27.5/32.0 GB
[06-26 00:08:46]       Val   260/300 | Val Loss: 0.0800 | IoU: 0.7699 | Dice: 0.8700
[06-26 00:42:14]       Epoch 270/300 | Train Loss: 0.0878 | Time: 201s | GPU mem: 27.3/32.0 GB
[06-26 00:42:14]       Val   270/300 | Val Loss: 0.0800 | IoU: 0.7683 | Dice: 0.8690
[06-26 00:58:59]  Epoch 275/300 | Train Loss: 0.0913 | Time: 203s
[06-26 01:15:39]       Epoch 280/300 | Train Loss: 0.0894 | Time: 202s | GPU mem: 27.6/32.0 GB
[06-26 01:15:39]       Val   280/300 | Val Loss: 0.0800 | IoU: 0.7699 | Dice: 0.8700
[06-26 01:49:11]       Epoch 290/300 | Train Loss: 0.0843 | Time: 208s | GPU mem: 27.8/32.0 GB
[06-26 01:49:11]       Val   290/300 | Val Loss: 0.0800 | IoU: 0.7699 | Dice: 0.8700
[06-26 02:22:35]   >>> Epoch 300/300 | Train Loss: 0.0962 | Time: 200s | GPU mem: 27.9/32.0 GB
[06-26 02:22:35]   >>> Val   300/300 | Val Loss: 0.1200 | IoU: 0.7699 | Dice: 0.8700
[06-26 02:22:35]  >>> Checkpoint saved (epoch 300, Val Dice: 0.8700)

[06-26 02:22:35] ========== Training Complete ==========
[06-26 02:22:35]   Best model: checkpoint_best.pth  (epoch 278, Val Dice: 0.8702)
[06-26 02:22:35]   Log dir:    logs/oneprompt_isic_300ep_2026_06_25_09_15_00/
[06-26 02:22:35]   Total time: 17h 7min
[06-26 02:22:35]   Peak GPU:   27.8 GB / 32.0 GB
====================================================================